<?xml version="1.0" encoding="UTF-8"?>
<testng-results skipped="0" failed="0" ignored="0" total="1" passed="1">
  <reporter-output>
  </reporter-output>
  <suite name="Suite" duration-ms="28827" started-at="2020-06-11T09:03:46 IST" finished-at="2020-06-11T09:04:15 IST">
    <groups>
    </groups>
    <test name="Test" duration-ms="28827" started-at="2020-06-11T09:03:46 IST" finished-at="2020-06-11T09:04:15 IST">
      <class name="testCasesPackage.TestCases">
        <test-method status="PASS" signature="setup()[pri:0, instance:testCasesPackage.TestCases@646007f4]" name="setup" is-config="true" duration-ms="27496" started-at="2020-06-11T09:03:46 IST" finished-at="2020-06-11T09:04:13 IST">
          <reporter-output>
          </reporter-output>
        </test-method> <!-- setup -->
        <test-method status="PASS" signature="AddNameToTextBox()[pri:0, instance:testCasesPackage.TestCases@646007f4]" name="AddNameToTextBox" duration-ms="959" started-at="2020-06-11T09:04:13 IST" finished-at="2020-06-11T09:04:14 IST">
          <reporter-output>
          </reporter-output>
        </test-method> <!-- AddNameToTextBox -->
        <test-method status="PASS" signature="teardown()[pri:0, instance:testCasesPackage.TestCases@646007f4]" name="teardown" is-config="true" duration-ms="311" started-at="2020-06-11T09:04:14 IST" finished-at="2020-06-11T09:04:15 IST">
          <reporter-output>
          </reporter-output>
        </test-method> <!-- teardown -->
      </class> <!-- testCasesPackage.TestCases -->
    </test> <!-- Test -->
  </suite> <!-- Suite -->
</testng-results>
