<?xml version="1.0" encoding="UTF-8"?>
<testng-results skipped="0" failed="0" ignored="0" total="1" passed="1">
  <reporter-output>
  </reporter-output>
  <suite name="Suite" duration-ms="28821" started-at="2021-02-04T22:54:13 IST" finished-at="2021-02-04T22:54:42 IST">
    <groups>
    </groups>
    <test name="Test" duration-ms="28821" started-at="2021-02-04T22:54:13 IST" finished-at="2021-02-04T22:54:42 IST">
      <class name="testCasesPackage.TestCases">
        <test-method status="PASS" signature="setup()[pri:0, instance:testCasesPackage.TestCases@679b62af]" name="setup" is-config="true" duration-ms="27049" started-at="2021-02-04T22:54:13 IST" finished-at="2021-02-04T22:54:40 IST">
          <reporter-output>
          </reporter-output>
        </test-method> <!-- setup -->
        <test-method status="PASS" signature="AddNameToTextBox()[pri:0, instance:testCasesPackage.TestCases@679b62af]" name="AddNameToTextBox" duration-ms="1423" started-at="2021-02-04T22:54:40 IST" finished-at="2021-02-04T22:54:42 IST">
          <reporter-output>
          </reporter-output>
        </test-method> <!-- AddNameToTextBox -->
        <test-method status="PASS" signature="teardown()[pri:0, instance:testCasesPackage.TestCases@679b62af]" name="teardown" is-config="true" duration-ms="305" started-at="2021-02-04T22:54:42 IST" finished-at="2021-02-04T22:54:42 IST">
          <reporter-output>
          </reporter-output>
        </test-method> <!-- teardown -->
      </class> <!-- testCasesPackage.TestCases -->
    </test> <!-- Test -->
  </suite> <!-- Suite -->
</testng-results>
